This is pdfTeX, Version 3.14159265-2.6-1.40.19 (MiKTeX 2.9.6800 64-bit) (preloaded format=pdflatex 2018.9.24)  30 SEP 2018 15:55
entering extended mode
**./Rapport2.tex
(Rapport2.tex
LaTeX2e <2018-04-01> patch level 5
("C:\Program Files\MiKTeX 2.9\tex\latex\base\article.cls"
Document Class: article 2014/09/29 v1.4h Standard LaTeX document class
("C:\Program Files\MiKTeX 2.9\tex\latex\base\size12.clo"
File: size12.clo 2014/09/29 v1.4h Standard LaTeX file (size option)
)
\c@part=\count80
\c@section=\count81
\c@subsection=\count82
\c@subsubsection=\count83
\c@paragraph=\count84
\c@subparagraph=\count85
\c@figure=\count86
\c@table=\count87
\abovecaptionskip=\skip41
\belowcaptionskip=\skip42
\bibindent=\dimen102
)
("C:\Program Files\MiKTeX 2.9\tex\latex\base\inputenc.sty"
Package: inputenc 2018/04/06 v1.3b Input encoding file
\inpenc@prehook=\toks14
\inpenc@posthook=\toks15
)
("C:\Program Files\MiKTeX 2.9\tex\generic\babel\babel.sty"
Package: babel 2018/06/05 3.22 The Babel package

("C:\Program Files\MiKTeX 2.9\tex\generic\babel\switch.def"
File: switch.def 2018/06/05 3.22 Babel switching mechanism
)
*************************************
* Local config file bblopts.cfg used
*
("C:\Program Files\MiKTeX 2.9\tex\latex\arabi\bblopts.cfg"
File: bblopts.cfg 2005/09/08 v0.1 add Arabic and Farsi to "declared" options of
 babel
)
("C:\Program Files\MiKTeX 2.9\tex\generic\babel-french\french.ldf"
Language: french 2018/07/17 v3.5b French support from the babel system

("C:\Program Files\MiKTeX 2.9\tex\generic\babel\babel.def"
File: babel.def 2018/06/05 3.22 Babel common definitions
\babel@savecnt=\count88
\U@D=\dimen103

("C:\Program Files\MiKTeX 2.9\tex\generic\babel\txtbabel.def")
\bbl@dirlevel=\count89
)
\l@acadian = a dialect from \language\l@french 
\FB@nonchar=\count90
Package babel Info: Making : an active character on input line 415.
Package babel Info: Making ; an active character on input line 416.
Package babel Info: Making ! an active character on input line 417.
Package babel Info: Making ? an active character on input line 418.
\FBguill@level=\count91
\FBold@everypar=\toks16
\FB@Mht=\dimen104
\mc@charclass=\count92
\mc@charfam=\count93
\mc@charslot=\count94
\std@mcc=\count95
\dec@mcc=\count96
\c@FBcaption@count=\count97
\listindentFB=\dimen105
\descindentFB=\dimen106
\labelindentFB=\dimen107
\labelwidthFB=\dimen108
\leftmarginFB=\dimen109
\parindentFFN=\dimen110
\FBfnindent=\dimen111
))
("C:\Program Files\MiKTeX 2.9\tex\latex\carlisle\scalefnt.sty")
("C:\Program Files\MiKTeX 2.9\tex\latex\graphics\keyval.sty"
Package: keyval 2014/10/28 v1.15 key=value parser (DPC)
\KV@toks@=\toks17
)
("C:\Program Files\MiKTeX 2.9\tex\latex\base\fontenc.sty"
Package: fontenc 2017/04/05 v2.0i Standard LaTeX package

("C:\Program Files\MiKTeX 2.9\tex\latex\base\t1enc.def"
File: t1enc.def 2017/04/05 v2.0i Standard LaTeX file
LaTeX Font Info:    Redeclaring font encoding T1 on input line 48.
))
("C:\Program Files\MiKTeX 2.9\tex\latex\amsmath\amsmath.sty"
Package: amsmath 2017/09/02 v2.17a AMS math features
\@mathmargin=\skip43

For additional information on amsmath, use the `?' option.
("C:\Program Files\MiKTeX 2.9\tex\latex\amsmath\amstext.sty"
Package: amstext 2000/06/29 v2.01 AMS text

("C:\Program Files\MiKTeX 2.9\tex\latex\amsmath\amsgen.sty"
File: amsgen.sty 1999/11/30 v2.0 generic functions
\@emptytoks=\toks18
\ex@=\dimen112
))
("C:\Program Files\MiKTeX 2.9\tex\latex\amsmath\amsbsy.sty"
Package: amsbsy 1999/11/29 v1.2d Bold Symbols
\pmbraise@=\dimen113
)
("C:\Program Files\MiKTeX 2.9\tex\latex\amsmath\amsopn.sty"
Package: amsopn 2016/03/08 v2.02 operator names
)
\inf@bad=\count98
LaTeX Info: Redefining \frac on input line 213.
\uproot@=\count99
\leftroot@=\count100
LaTeX Info: Redefining \overline on input line 375.
\classnum@=\count101
\DOTSCASE@=\count102
LaTeX Info: Redefining \ldots on input line 472.
LaTeX Info: Redefining \dots on input line 475.
LaTeX Info: Redefining \cdots on input line 596.
\Mathstrutbox@=\box26
\strutbox@=\box27
\big@size=\dimen114
LaTeX Font Info:    Redeclaring font encoding OML on input line 712.
LaTeX Font Info:    Redeclaring font encoding OMS on input line 713.
\macc@depth=\count103
\c@MaxMatrixCols=\count104
\dotsspace@=\muskip10
\c@parentequation=\count105
\dspbrk@lvl=\count106
\tag@help=\toks19
\row@=\count107
\column@=\count108
\maxfields@=\count109
\andhelp@=\toks20
\eqnshift@=\dimen115
\alignsep@=\dimen116
\tagshift@=\dimen117
\tagwidth@=\dimen118
\totwidth@=\dimen119
\lineht@=\dimen120
\@envbody=\toks21
\multlinegap=\skip44
\multlinetaggap=\skip45
\mathdisplay@stack=\toks22
LaTeX Info: Redefining \[ on input line 2817.
LaTeX Info: Redefining \] on input line 2818.
)
("C:\Program Files\MiKTeX 2.9\tex\latex\amsfonts\amsfonts.sty"
Package: amsfonts 2013/01/14 v3.01 Basic AMSFonts support
\symAMSa=\mathgroup4
\symAMSb=\mathgroup5
LaTeX Font Info:    Overwriting math alphabet `\mathfrak' in version `bold'
(Font)                  U/euf/m/n --> U/euf/b/n on input line 106.
)
("C:\Program Files\MiKTeX 2.9\tex\latex\amsfonts\amssymb.sty"
Package: amssymb 2013/01/14 v3.01 AMS font symbols
)
("C:\Program Files\MiKTeX 2.9\tex\latex\graphics\graphicx.sty"
Package: graphicx 2017/06/01 v1.1a Enhanced LaTeX Graphics (DPC,SPQR)

("C:\Program Files\MiKTeX 2.9\tex\latex\graphics\graphics.sty"
Package: graphics 2017/06/25 v1.2c Standard LaTeX Graphics (DPC,SPQR)

("C:\Program Files\MiKTeX 2.9\tex\latex\graphics\trig.sty"
Package: trig 2016/01/03 v1.10 sin cos tan (DPC)
)
("C:\Program Files\MiKTeX 2.9\tex\latex\graphics-cfg\graphics.cfg"
File: graphics.cfg 2016/06/04 v1.11 sample graphics configuration
)
Package graphics Info: Driver file: pdftex.def on input line 99.

("C:\Program Files\MiKTeX 2.9\tex\latex\graphics-def\pdftex.def"
File: pdftex.def 2018/01/08 v1.0l Graphics/color driver for pdftex
))
\Gin@req@height=\dimen121
\Gin@req@width=\dimen122
)
("C:\Program Files\MiKTeX 2.9\tex\latex\graphics\color.sty"
Package: color 2016/07/10 v1.1e Standard LaTeX Color (DPC)

("C:\Program Files\MiKTeX 2.9\tex\latex\graphics-cfg\color.cfg"
File: color.cfg 2016/01/02 v1.6 sample color configuration
)
Package color Info: Driver file: pdftex.def on input line 147.
)
("C:\Program Files\MiKTeX 2.9\tex\latex\listings\listings.sty"
\lst@mode=\count110
\lst@gtempboxa=\box28
\lst@token=\toks23
\lst@length=\count111
\lst@currlwidth=\dimen123
\lst@column=\count112
\lst@pos=\count113
\lst@lostspace=\dimen124
\lst@width=\dimen125
\lst@newlines=\count114
\lst@lineno=\count115
\lst@maxwidth=\dimen126

("C:\Program Files\MiKTeX 2.9\tex\latex\listings\lstmisc.sty"
File: lstmisc.sty 2018/09/02 1.7 (Carsten Heinz)
\c@lstnumber=\count116
\lst@skipnumbers=\count117
\lst@framebox=\box29
)
("C:\Program Files\MiKTeX 2.9\tex\latex\listings\listings.cfg"
File: listings.cfg 2018/09/02 1.7 listings configuration
))
Package: listings 2018/09/02 1.7 (Carsten Heinz)

("C:\Program Files\MiKTeX 2.9\tex\latex\listings\lstlang1.sty"
File: lstlang1.sty 2018/09/02 1.7 listings language file
)
("C:\Program Files\MiKTeX 2.9\tex\latex\listings\lstlang2.sty"
File: lstlang2.sty 2018/09/02 1.7 listings language file
)
("C:\Program Files\MiKTeX 2.9\tex\latex\listings\lstlang3.sty"
File: lstlang3.sty 2018/09/02 1.7 listings language file
) (Rapport2.aux)
\openout1 = `Rapport2.aux'.

LaTeX Font Info:    Checking defaults for OML/cmm/m/it on input line 47.
LaTeX Font Info:    ... okay on input line 47.
LaTeX Font Info:    Checking defaults for T1/cmr/m/n on input line 47.
LaTeX Font Info:    ... okay on input line 47.
LaTeX Font Info:    Checking defaults for OT1/cmr/m/n on input line 47.
LaTeX Font Info:    ... okay on input line 47.
LaTeX Font Info:    Checking defaults for OMS/cmsy/m/n on input line 47.
LaTeX Font Info:    ... okay on input line 47.
LaTeX Font Info:    Checking defaults for OMX/cmex/m/n on input line 47.
LaTeX Font Info:    ... okay on input line 47.
LaTeX Font Info:    Checking defaults for U/cmr/m/n on input line 47.
LaTeX Font Info:    ... okay on input line 47.
LaTeX Info: Redefining \degres on input line 47.
LaTeX Info: Redefining \dots on input line 47.
LaTeX Info: Redefining \up on input line 47.

("C:\Program Files\MiKTeX 2.9\tex\context\base\supp-pdf.mkii"
[Loading MPS to PDF converter (version 2006.09.02).]
\scratchcounter=\count118
\scratchdimen=\dimen127
\scratchbox=\box30
\nofMPsegments=\count119
\nofMParguments=\count120
\everyMPshowfont=\toks24
\MPscratchCnt=\count121
\MPscratchDim=\dimen128
\MPnumerator=\count122
\makeMPintoPDFobject=\count123
\everyMPtoPDFconversion=\toks25
) ("C:\Program Files\MiKTeX 2.9\tex\latex\oberdiek\epstopdf-base.sty"
Package: epstopdf-base 2016/05/15 v2.6 Base part for package epstopdf

("C:\Program Files\MiKTeX 2.9\tex\generic\oberdiek\infwarerr.sty"
Package: infwarerr 2016/05/16 v1.4 Providing info/warning/error messages (HO)
)
("C:\Program Files\MiKTeX 2.9\tex\latex\oberdiek\grfext.sty"
Package: grfext 2016/05/16 v1.2 Manage graphics extensions (HO)

("C:\Program Files\MiKTeX 2.9\tex\generic\oberdiek\kvdefinekeys.sty"
Package: kvdefinekeys 2016/05/16 v1.4 Define keys (HO)

("C:\Program Files\MiKTeX 2.9\tex\generic\oberdiek\ltxcmds.sty"
Package: ltxcmds 2016/05/16 v1.23 LaTeX kernel commands for general use (HO)
)))
("C:\Program Files\MiKTeX 2.9\tex\latex\oberdiek\kvoptions.sty"
Package: kvoptions 2016/05/16 v3.12 Key value format for package options (HO)

("C:\Program Files\MiKTeX 2.9\tex\generic\oberdiek\kvsetkeys.sty"
Package: kvsetkeys 2016/05/16 v1.17 Key value parser (HO)

("C:\Program Files\MiKTeX 2.9\tex\generic\oberdiek\etexcmds.sty"
Package: etexcmds 2016/05/16 v1.6 Avoid name clashes with e-TeX commands (HO)

("C:\Program Files\MiKTeX 2.9\tex\generic\oberdiek\ifluatex.sty"
Package: ifluatex 2016/05/16 v1.4 Provides the ifluatex switch (HO)
Package ifluatex Info: LuaTeX not detected.
)
Package etexcmds Info: Could not find \expanded.
(etexcmds)             That can mean that you are not using pdfTeX 1.50 or
(etexcmds)             that some package has redefined \expanded.
(etexcmds)             In the latter case, load this package earlier.
)))
("C:\Program Files\MiKTeX 2.9\tex\generic\oberdiek\pdftexcmds.sty"
Package: pdftexcmds 2018/01/30 v0.27 Utility functions of pdfTeX for LuaTeX (HO
)

("C:\Program Files\MiKTeX 2.9\tex\generic\oberdiek\ifpdf.sty"
Package: ifpdf 2017/03/15 v3.2 Provides the ifpdf switch
)
Package pdftexcmds Info: LuaTeX not detected.
Package pdftexcmds Info: \pdf@primitive is available.
Package pdftexcmds Info: \pdf@ifprimitive is available.
Package pdftexcmds Info: \pdfdraftmode found.
)
Package epstopdf-base Info: Redefining graphics rule for `.eps' on input line 4
38.
Package grfext Info: Graphics extension search list:
(grfext)             [.pdf,.png,.jpg,.mps,.jpeg,.jbig2,.jb2,.PDF,.PNG,.JPG,.JPE
G,.JBIG2,.JB2,.eps]
(grfext)             \AppendGraphicsExtensions on input line 456.
)
\c@lstlisting=\count124
LaTeX Font Info:    Try loading font information for U+msa on input line 48.

("C:\Program Files\MiKTeX 2.9\tex\latex\amsfonts\umsa.fd"
File: umsa.fd 2013/01/14 v3.01 AMS symbols A
)
LaTeX Font Info:    Try loading font information for U+msb on input line 48.

("C:\Program Files\MiKTeX 2.9\tex\latex\amsfonts\umsb.fd"
File: umsb.fd 2013/01/14 v3.01 AMS symbols B
) [1

{C:/Users/ilove/AppData/Local/MiKTeX/2.9/pdftex/config/pdftex.map}] (Rapport2.t
oc)
\tf@toc=\write3
\openout3 = `Rapport2.toc'.

 [1] [1

]
[1] [2] (Rapport2.aux) ) 
Here is how much of TeX's memory you used:
 5243 strings out of 492973
 71087 string characters out of 3135932
 333925 words of memory out of 3000000
 9021 multiletter control sequences out of 15000+200000
 18498 words of font info for 53 fonts, out of 3000000 for 9000
 1141 hyphenation exceptions out of 8191
 41i,21n,40p,330b,423s stack positions out of 5000i,500n,10000p,200000b,50000s
 <C:\Users\ilove\AppData\Local\MiKTeX\2.9\fonts\pk\ljfo
ur\jknappen\ec\dpi600\ecbx1440.pk> <C:\Users\ilove\AppData\Local\MiKTeX\2.9\fon
ts\pk\ljfour\jknappen\ec\dpi600\ecti1200.pk> <C:\Users\ilove\AppData\Local\MiKT
eX\2.9\fonts\pk\ljfour\jknappen\ec\dpi600\ecrm1200.pk> <C:\Users\ilove\AppData\
Local\MiKTeX\2.9\fonts\pk\ljfour\jknappen\ec\dpi600\ecbx1200.pk> <C:\Users\ilov
e\AppData\Local\MiKTeX\2.9\fonts\pk\ljfour\jknappen\ec\dpi600\ecbx1728.pk> <C:\
Users\ilove\AppData\Local\MiKTeX\2.9\fonts\pk\ljfour\jknappen\ec\dpi600\ecrm144
0.pk> <C:\Users\ilove\AppData\Local\MiKTeX\2.9\fonts\pk\ljfour\jknappen\ec\dpi6
00\ecrm2074.pk><C:/Program Files/MiKTeX 2.9/fonts/type1/public/amsfonts/cm/cmex
10.pfb><C:/Program Files/MiKTeX 2.9/fonts/type1/public/amsfonts/cm/cmmi12.pfb><
C:/Program Files/MiKTeX 2.9/fonts/type1/public/amsfonts/cm/cmmi8.pfb><C:/Progra
m Files/MiKTeX 2.9/fonts/type1/public/amsfonts/cm/cmr12.pfb><C:/Program Files/M
iKTeX 2.9/fonts/type1/public/amsfonts/cm/cmr6.pfb><C:/Program Files/MiKTeX 2.9/
fonts/type1/public/amsfonts/cm/cmr8.pfb><C:/Program Files/MiKTeX 2.9/fonts/type
1/public/amsfonts/cm/cmsy10.pfb><C:/Program Files/MiKTeX 2.9/fonts/type1/public
/amsfonts/cm/cmsy8.pfb>
Output written on Rapport2.pdf (5 pages, 148199 bytes).
PDF statistics:
 254 PDF objects out of 1000 (max. 8388607)
 0 named destinations out of 1000 (max. 500000)
 1 words of extra memory for PDF output out of 10000 (max. 10000000)

